<?xml version="1.0" encoding="UTF-8"?>
<!-- Generated by org.testng.reporters.JUnitReportReporter -->
<testsuite hostname="Akash" failures="0" tests="1" name="test.WebApplicationTest" time="0.151" errors="0" timestamp="2021-11-17T15:35:07 IST" skipped="0">
  <testcase classname="test.WebApplicationTest" name="webPageTest" time="0.151"/>
  <system-out/>
</testsuite> <!-- test.WebApplicationTest -->
