<?xml version="1.0" encoding="UTF-8"?>
<!-- Generated by org.testng.reporters.JUnitReportReporter -->
<testsuite hostname="Akash" failures="0" tests="2" name="test.OperationTest" time="0.007" errors="0" timestamp="2021-11-17T12:27:18 IST" skipped="0">
  <testcase classname="test.OperationTest" name="testMul" time="0.001"/>
  <system-out/>
  <testcase classname="test.OperationTest" name="testDiv" time="0.006"/>
  <system-out/>
</testsuite> <!-- test.OperationTest -->
