<?xml version="1.0" encoding="UTF-8"?>
<!-- Generated by org.testng.reporters.JUnitReportReporter -->
<testsuite hostname="Akash" failures="0" tests="1" name="test.ItTeamTest" time="0.010" errors="0" timestamp="2021-11-17T12:28:18 IST" skipped="0">
  <testcase classname="test.ItTeamTest" name="getBonusTest" time="0.010"/>
  <system-out/>
</testsuite> <!-- test.ItTeamTest -->
