<?xml version="1.0" encoding="UTF-8"?>
<!-- Generated by org.testng.reporters.JUnitReportReporter -->
<testsuite hostname="Akash" failures="0" tests="2" name="test.NgTestingHooks" time="0.004" errors="0" timestamp="2021-11-17T12:36:16 IST" skipped="0">
  <testcase classname="test.NgTestingHooks" name="f" time="0.001"/>
  <system-out/>
  <testcase classname="test.NgTestingHooks" name="f" time="0.003"/>
  <system-out/>
</testsuite> <!-- test.NgTestingHooks -->
